<?xml version="1.0" encoding="UTF-8"?>
<testsuites>
  <testsuite name="CodeIgniter Application Test Suite" tests="2" assertions="0" failures="0" errors="2" time="0.001475">
    <testsuite name="Welcome_test" file="C:\Users\aa6my\aa6my\htdocs\karya\application\tests\controllers\Welcome_test.php" tests="2" assertions="0" failures="0" errors="2" time="0.001475">
      <testcase name="test_index" class="Welcome_test" file="C:\Users\aa6my\aa6my\htdocs\karya\application\tests\controllers\Welcome_test.php" line="13" assertions="0" time="0.001336">
        <error type="PHPUnit_Framework_ExceptionWrapper">Welcome_test::test_index
Exception: Serialization of 'Closure' is not allowed

C:\Users\aa6my\aa6my\htdocs\karya\vendor\phpunit\phpunit\src\Framework\TestResult.php:701
C:\Users\aa6my\aa6my\htdocs\karya\vendor\phpunit\phpunit\src\Framework\TestSuite.php:753
C:\Users\aa6my\aa6my\htdocs\karya\vendor\phpunit\phpunit\src\Framework\TestSuite.php:753
C:\Users\aa6my\aa6my\htdocs\karya\vendor\phpunit\phpunit\src\TextUI\TestRunner.php:465
</error>
      </testcase>
      <testcase name="test_render_page" class="Welcome_test" file="C:\Users\aa6my\aa6my\htdocs\karya\application\tests\controllers\Welcome_test.php" line="19" assertions="0" time="0.000139">
        <error type="PHPUnit_Framework_ExceptionWrapper">Welcome_test::test_render_page
Exception: Serialization of 'Closure' is not allowed

C:\Users\aa6my\aa6my\htdocs\karya\vendor\phpunit\phpunit\src\Framework\TestResult.php:701
C:\Users\aa6my\aa6my\htdocs\karya\vendor\phpunit\phpunit\src\Framework\TestSuite.php:753
C:\Users\aa6my\aa6my\htdocs\karya\vendor\phpunit\phpunit\src\Framework\TestSuite.php:753
C:\Users\aa6my\aa6my\htdocs\karya\vendor\phpunit\phpunit\src\TextUI\TestRunner.php:465
</error>
      </testcase>
    </testsuite>
  </testsuite>
</testsuites>
